

*******************************************************************************
Mon Feb 27 19:26:19 2023


FIT:    data read from "test.txt"
        format = z
        #datapoints = 100
        residuals are weighted equally (unit weight)

function used for fitting: f(x)
	f(x) = a*cos(b*x)
fitted parameters initialized with current variable values

iter      chisq       delta/lim  lambda   a             b            
   0 1.5069406282e+02   0.00e+00  2.89e+01    1.000000e+00   1.000000e+00
   4 9.9954895242e+01  -4.55e-01  2.89e+00   -4.952619e-03   1.003775e+00

After 4 iterations the fit converged.
final sum of squares of residuals : 99.9549
rel. change during last iteration : -4.5536e-06

degrees of freedom    (FIT_NDF)                        : 98
rms of residuals      (FIT_STDFIT) = sqrt(WSSR/ndf)    : 1.00992
variance of residuals (reduced chisquare) = WSSR/ndf   : 1.01995

Final set of parameters            Asymptotic Standard Error
=======================            ==========================
a               = -0.00495262      +/- 0.1429       (2886%)
b               = 1.00378          +/- 0.4994       (49.75%)

correlation matrix of the fit parameters:
                a      b      
a               1.000 
b              -0.025  1.000 


*******************************************************************************
Mon Feb 27 19:28:35 2023


FIT:    data read from "test.txt"
        format = z
        #datapoints = 100
        residuals are weighted equally (unit weight)

function used for fitting: f(x)
	f(x) = a*cos(b*x + c)
fitted parameters initialized with current variable values

iter      chisq       delta/lim  lambda   a             b             c            
   0 9.9954778005e+01   0.00e+00  1.16e-01   -4.952619e-03   1.003775e+00   1.000000e+00
   2 9.9939867164e+01  -5.40e-01  1.16e-02   -7.227681e-03   9.297052e-01   1.331886e+00

After 2 iterations the fit converged.
final sum of squares of residuals : 99.9399
rel. change during last iteration : -5.39557e-06

degrees of freedom    (FIT_NDF)                        : 97
rms of residuals      (FIT_STDFIT) = sqrt(WSSR/ndf)    : 1.01504
variance of residuals (reduced chisquare) = WSSR/ndf   : 1.03031

Final set of parameters            Asymptotic Standard Error
=======================            ==========================
a               = -0.00722768      +/- 0.1445       (1999%)
b               = 0.929705         +/- 0.678        (72.93%)
c               = 1.33189          +/- 38.87        (2918%)

correlation matrix of the fit parameters:
                a      b      c      
a               1.000 
b              -0.045  1.000 
c               0.041 -0.861  1.000 
